<?xml version="1.0" encoding="UTF-8"?>
<testng-results skipped="0" failed="0" ignored="0" total="1" passed="1">
  <reporter-output>
  </reporter-output>
  <suite name="86400 Test Suite" duration-ms="53323" started-at="2019-11-26T11:13:12 AEDT" finished-at="2019-11-26T11:14:06 AEDT">
    <groups>
      <group name="cucumber">
        <method signature="TestRunner1.feature(cucumber.api.testng.CucumberFeatureWrapper)[pri:0, instance:app.runner.TestRunner1@31a5c39e]" name="feature" class="app.runner.TestRunner1"/>
      </group> <!-- cucumber -->
    </groups>
    <test name="86400 Test" duration-ms="53323" started-at="2019-11-26T11:13:12 AEDT" finished-at="2019-11-26T11:14:06 AEDT">
      <class name="app.runner.TestRunner1">
        <test-method status="PASS" signature="setUpClass()[pri:0, instance:app.runner.TestRunner1@31a5c39e]" name="setUpClass" is-config="true" duration-ms="473" started-at="2019-11-26T11:13:12 AEDT" finished-at="2019-11-26T11:13:13 AEDT">
          <reporter-output>
          </reporter-output>
        </test-method> <!-- setUpClass -->
        <test-method status="PASS" signature="feature(cucumber.api.testng.CucumberFeatureWrapper)[pri:0, instance:app.runner.TestRunner1@31a5c39e]" name="feature" duration-ms="52583" started-at="2019-11-26T11:13:13 AEDT" description="Runs Cucumber Feature" data-provider="features" finished-at="2019-11-26T11:14:06 AEDT">
          <params>
            <param index="0">
              <value>
                <![CDATA[Verify 86400 Bank App features]]>
              </value>
            </param>
          </params>
          <reporter-output>
          </reporter-output>
        </test-method> <!-- feature -->
        <test-method status="PASS" signature="tearDownClass()[pri:0, instance:app.runner.TestRunner1@31a5c39e]" name="tearDownClass" is-config="true" duration-ms="18" started-at="2019-11-26T11:14:06 AEDT" finished-at="2019-11-26T11:14:06 AEDT">
          <reporter-output>
          </reporter-output>
        </test-method> <!-- tearDownClass -->
      </class> <!-- app.runner.TestRunner1 -->
    </test> <!-- 86400 Test -->
  </suite> <!-- 86400 Test Suite -->
</testng-results>
