<?xml version="1.0" encoding="UTF-8"?>
<testng-results ignored="0" total="1" passed="1" failed="0" skipped="0">
  <reporter-output>
  </reporter-output>
  <suite started-at="2019-11-26T11:05:52 AEDT" name="86400 Test Suite" finished-at="2019-11-26T11:07:12 AEDT" duration-ms="80223">
    <groups>
      <group name="cucumber">
        <method signature="TestRunner1.feature(cucumber.api.testng.CucumberFeatureWrapper)[pri:0, instance:app.runner.TestRunner1@6dbb137d]" name="feature" class="app.runner.TestRunner1"/>
      </group> <!-- cucumber -->
    </groups>
    <test started-at="2019-11-26T11:05:52 AEDT" name="86400 Test" finished-at="2019-11-26T11:07:12 AEDT" duration-ms="80223">
      <class name="app.runner.TestRunner1">
        <test-method is-config="true" signature="setUpClass()[pri:0, instance:app.runner.TestRunner1@6dbb137d]" started-at="2019-11-26T11:05:52 AEDT" name="setUpClass" finished-at="2019-11-26T11:05:52 AEDT" duration-ms="598" status="PASS">
          <reporter-output>
          </reporter-output>
        </test-method> <!-- setUpClass -->
        <test-method signature="feature(cucumber.api.testng.CucumberFeatureWrapper)[pri:0, instance:app.runner.TestRunner1@6dbb137d]" started-at="2019-11-26T11:05:53 AEDT" name="feature" description="Runs Cucumber Feature" data-provider="features" finished-at="2019-11-26T11:07:12 AEDT" duration-ms="79258" status="PASS">
          <params>
            <param index="0">
              <value>
                <![CDATA[Verify 86400 Bank App features]]>
              </value>
            </param>
          </params>
          <reporter-output>
          </reporter-output>
        </test-method> <!-- feature -->
        <test-method is-config="true" signature="tearDownClass()[pri:0, instance:app.runner.TestRunner1@6dbb137d]" started-at="2019-11-26T11:07:12 AEDT" name="tearDownClass" finished-at="2019-11-26T11:07:12 AEDT" duration-ms="27" status="PASS">
          <reporter-output>
          </reporter-output>
        </test-method> <!-- tearDownClass -->
      </class> <!-- app.runner.TestRunner1 -->
    </test> <!-- 86400 Test -->
  </suite> <!-- 86400 Test Suite -->
</testng-results>
